<?xml version="1.0" encoding="UTF-8"?>
<!-- Generated by org.testng.reporters.JUnitXMLReporter -->
<testsuite ignored="0" hostname="LAPTOP-P05SA00D" failures="0" tests="12" name="Default test" time="113.341" errors="0" timestamp="2023-08-08T17:51:35 PDT">
  <testcase classname="com.tutorialsninjamentoring.TutorialsLoginT" name="setUp" time="10.924"/>
  <testcase classname="com.tutorialsninjamentoring.TutorialsLoginT" name="setUp" time="7.255"/>
  <testcase classname="com.tutorialsninjamentoring.TutorialsLoginT" name="setUp" time="7.282"/>
  <testcase classname="com.tutorialsninjamentoring.TutorialsLoginT" name="setUp" time="7.75"/>
  <testcase classname="com.tutorialsninjamentoring.TutorialsLoginT" name="setUp" time="10.36"/>
  <testcase classname="com.tutorialsninjamentoring.TutorialsLoginT" name="setUp" time="7.417"/>
  <testcase classname="com.tutorialsninjamentoring.TutorialsLoginT" name="setUp" time="7.578"/>
  <testcase classname="com.tutorialsninjamentoring.TutorialsLoginT" name="setUp" time="9.143"/>
  <testcase classname="com.tutorialsninjamentoring.TutorialsLoginT" name="setUp" time="9.396"/>
  <testcase classname="com.tutorialsninjamentoring.TutorialsLoginT" name="setUp" time="7.78"/>
  <testcase classname="com.tutorialsninjamentoring.TutorialsLoginT" name="setUp" time="7.333"/>
  <testcase classname="com.tutorialsninjamentoring.TutorialsLoginT" name="setUp" time="7.21"/>
</testsuite> <!-- Default test -->
