<?xml version="1.0" encoding="UTF-8"?>
<!-- Generated by org.testng.reporters.JUnitXMLReporter -->
<testsuite ignored="0" hostname="LAPTOP-P05SA00D" failures="0" tests="15" name="Test" time="122.516" errors="0" timestamp="2023-08-08T18:08:06 PDT">
  <testcase classname="com.tutorialsninjamentoring.FlipKartttt" name="flipkartECommerce" time="12.544"/>
  <testcase classname="com.tutorialsninjamentoring.TryTestingThisTest" name="openUrl" time="2.379"/>
  <testcase classname="com.tutorialsninjamentoring.TutorialsLoginT" name="setUp" time="6.606"/>
  <testcase classname="com.tutorialsninjamentoring.TutorialsLoginT" name="setUp" time="6.445"/>
  <testcase classname="com.tutorialsninjamentoring.TutorialsLoginT" name="setUp" time="6.711"/>
  <testcase classname="com.tutorialsninjamentoring.TutorialsLoginT" name="setUp" time="6.608"/>
  <testcase classname="com.tutorialsninjamentoring.TutorialsLoginT" name="setUp" time="6.072"/>
  <testcase classname="com.tutorialsninjamentoring.TutorialsLoginT" name="setUp" time="6.212"/>
  <testcase classname="com.tutorialsninjamentoring.TutorialsLoginT" name="setUp" time="6.832"/>
  <testcase classname="com.tutorialsninjamentoring.TutorialsLoginT" name="setUp" time="6.881"/>
  <testcase classname="com.tutorialsninjamentoring.TutorialsLoginT" name="setUp" time="9.152"/>
  <testcase classname="com.tutorialsninjamentoring.TutorialsLoginT" name="setUp" time="7.755"/>
  <testcase classname="com.tutorialsninjamentoring.TutorialsLoginT" name="setUp" time="7.248"/>
  <testcase classname="com.tutorialsninjamentoring.TutorialsLoginT" name="setUp" time="6.696"/>
  <testcase classname="com.tutorialsninjamentoring.TuorialsNinjaSearchTest" name="searchValidProduct" time="13.382"/>
</testsuite> <!-- Test -->
