<?xml version="1.0" encoding="UTF-8"?>
<testng-results ignored="0" total="12" passed="12" failed="0" skipped="0">
  <reporter-output>
  </reporter-output>
  <suite started-at="2023-08-08T17:49:41 PDT" name="Default suite" finished-at="2023-08-08T17:51:35 PDT" duration-ms="113341">
    <groups>
    </groups>
    <test started-at="2023-08-08T17:49:41 PDT" name="Default test" finished-at="2023-08-08T17:51:35 PDT" duration-ms="113341">
      <class name="com.tutorialsninjamentoring.TutorialsLoginT">
        <test-method signature="setUp(java.lang.String,java.lang.String)[pri:0, instance:com.tutorialsninjamentoring.TutorialsLoginT@14028087]" started-at="2023-08-08T17:49:41 PDT" name="setUp" data-provider="getData" finished-at="2023-08-08T17:49:52 PDT" duration-ms="10924" status="PASS">
          <params>
            <param index="0">
              <value>
                <![CDATA[sarakhalifa491@gmail.com]]>
              </value>
            </param>
            <param index="1">
              <value>
                <![CDATA[Saraselenium@123]]>
              </value>
            </param>
          </params>
          <reporter-output>
          </reporter-output>
        </test-method> <!-- setUp -->
        <test-method is-config="true" signature="tearDown()[pri:0, instance:com.tutorialsninjamentoring.TutorialsLoginT@14028087]" started-at="2023-08-08T17:49:52 PDT" name="tearDown" finished-at="2023-08-08T17:49:54 PDT" duration-ms="1273" status="PASS">
          <reporter-output>
          </reporter-output>
        </test-method> <!-- tearDown -->
        <test-method signature="setUp(java.lang.String,java.lang.String)[pri:0, instance:com.tutorialsninjamentoring.TutorialsLoginT@14028087]" started-at="2023-08-08T17:49:54 PDT" name="setUp" data-provider="getData" finished-at="2023-08-08T17:50:01 PDT" duration-ms="7255" status="PASS">
          <params>
            <param index="0">
              <value>
                <![CDATA[seleniumpanda@gmail.com]]>
              </value>
            </param>
            <param index="1">
              <value>
                <![CDATA[Selenium@123]]>
              </value>
            </param>
          </params>
          <reporter-output>
          </reporter-output>
        </test-method> <!-- setUp -->
        <test-method is-config="true" signature="tearDown()[pri:0, instance:com.tutorialsninjamentoring.TutorialsLoginT@14028087]" started-at="2023-08-08T17:50:01 PDT" name="tearDown" finished-at="2023-08-08T17:50:02 PDT" duration-ms="951" status="PASS">
          <reporter-output>
          </reporter-output>
        </test-method> <!-- tearDown -->
        <test-method signature="setUp(java.lang.String,java.lang.String)[pri:0, instance:com.tutorialsninjamentoring.TutorialsLoginT@14028087]" started-at="2023-08-08T17:50:02 PDT" name="setUp" data-provider="getData" finished-at="2023-08-08T17:50:09 PDT" duration-ms="7282" status="PASS">
          <params>
            <param index="0">
              <value>
                <![CDATA[seleniumpanda1@gmail.com]]>
              </value>
            </param>
            <param index="1">
              <value>
                <![CDATA[Selenium@123]]>
              </value>
            </param>
          </params>
          <reporter-output>
          </reporter-output>
        </test-method> <!-- setUp -->
        <test-method is-config="true" signature="tearDown()[pri:0, instance:com.tutorialsninjamentoring.TutorialsLoginT@14028087]" started-at="2023-08-08T17:50:09 PDT" name="tearDown" finished-at="2023-08-08T17:50:10 PDT" duration-ms="1007" status="PASS">
          <reporter-output>
          </reporter-output>
        </test-method> <!-- tearDown -->
        <test-method signature="setUp(java.lang.String,java.lang.String)[pri:0, instance:com.tutorialsninjamentoring.TutorialsLoginT@14028087]" started-at="2023-08-08T17:50:10 PDT" name="setUp" data-provider="getData" finished-at="2023-08-08T17:50:18 PDT" duration-ms="7750" status="PASS">
          <params>
            <param index="0">
              <value>
                <![CDATA[seleniumpanda2@gmail.com]]>
              </value>
            </param>
            <param index="1">
              <value>
                <![CDATA[Selenium@123]]>
              </value>
            </param>
          </params>
          <reporter-output>
          </reporter-output>
        </test-method> <!-- setUp -->
        <test-method is-config="true" signature="tearDown()[pri:0, instance:com.tutorialsninjamentoring.TutorialsLoginT@14028087]" started-at="2023-08-08T17:50:18 PDT" name="tearDown" finished-at="2023-08-08T17:50:19 PDT" duration-ms="1515" status="PASS">
          <reporter-output>
          </reporter-output>
        </test-method> <!-- tearDown -->
        <test-method signature="setUp(java.lang.String,java.lang.String)[pri:0, instance:com.tutorialsninjamentoring.TutorialsLoginT@14028087]" started-at="2023-08-08T17:50:19 PDT" name="setUp" data-provider="getData" finished-at="2023-08-08T17:50:30 PDT" duration-ms="10360" status="PASS">
          <params>
            <param index="0">
              <value>
                <![CDATA[seleniumpanda3@gmail.com]]>
              </value>
            </param>
            <param index="1">
              <value>
                <![CDATA[Selenium@123]]>
              </value>
            </param>
          </params>
          <reporter-output>
          </reporter-output>
        </test-method> <!-- setUp -->
        <test-method is-config="true" signature="tearDown()[pri:0, instance:com.tutorialsninjamentoring.TutorialsLoginT@14028087]" started-at="2023-08-08T17:50:30 PDT" name="tearDown" finished-at="2023-08-08T17:50:31 PDT" duration-ms="1092" status="PASS">
          <reporter-output>
          </reporter-output>
        </test-method> <!-- tearDown -->
        <test-method signature="setUp(java.lang.String,java.lang.String)[pri:0, instance:com.tutorialsninjamentoring.TutorialsLoginT@14028087]" started-at="2023-08-08T17:50:31 PDT" name="setUp" data-provider="getData" finished-at="2023-08-08T17:50:38 PDT" duration-ms="7417" status="PASS">
          <params>
            <param index="0">
              <value>
                <![CDATA[seleniumpanda4@gmail.com]]>
              </value>
            </param>
            <param index="1">
              <value>
                <![CDATA[Selenium@123]]>
              </value>
            </param>
          </params>
          <reporter-output>
          </reporter-output>
        </test-method> <!-- setUp -->
        <test-method is-config="true" signature="tearDown()[pri:0, instance:com.tutorialsninjamentoring.TutorialsLoginT@14028087]" started-at="2023-08-08T17:50:38 PDT" name="tearDown" finished-at="2023-08-08T17:50:39 PDT" duration-ms="1195" status="PASS">
          <reporter-output>
          </reporter-output>
        </test-method> <!-- tearDown -->
        <test-method signature="setUp(java.lang.String,java.lang.String)[pri:0, instance:com.tutorialsninjamentoring.TutorialsLoginT@14028087]" started-at="2023-08-08T17:50:39 PDT" name="setUp" data-provider="getData" finished-at="2023-08-08T17:50:47 PDT" duration-ms="7578" status="PASS">
          <params>
            <param index="0">
              <value>
                <![CDATA[seleniumpanda5@gmail.com]]>
              </value>
            </param>
            <param index="1">
              <value>
                <![CDATA[Selenium@123]]>
              </value>
            </param>
          </params>
          <reporter-output>
          </reporter-output>
        </test-method> <!-- setUp -->
        <test-method is-config="true" signature="tearDown()[pri:0, instance:com.tutorialsninjamentoring.TutorialsLoginT@14028087]" started-at="2023-08-08T17:50:47 PDT" name="tearDown" finished-at="2023-08-08T17:50:48 PDT" duration-ms="1012" status="PASS">
          <reporter-output>
          </reporter-output>
        </test-method> <!-- tearDown -->
        <test-method signature="setUp(java.lang.String,java.lang.String)[pri:0, instance:com.tutorialsninjamentoring.TutorialsLoginT@14028087]" started-at="2023-08-08T17:50:48 PDT" name="setUp" data-provider="getData" finished-at="2023-08-08T17:50:57 PDT" duration-ms="9143" status="PASS">
          <params>
            <param index="0">
              <value>
                <![CDATA[seleniumpanda6@gmail.com]]>
              </value>
            </param>
            <param index="1">
              <value>
                <![CDATA[Selenium@123]]>
              </value>
            </param>
          </params>
          <reporter-output>
          </reporter-output>
        </test-method> <!-- setUp -->
        <test-method is-config="true" signature="tearDown()[pri:0, instance:com.tutorialsninjamentoring.TutorialsLoginT@14028087]" started-at="2023-08-08T17:50:57 PDT" name="tearDown" finished-at="2023-08-08T17:50:58 PDT" duration-ms="1269" status="PASS">
          <reporter-output>
          </reporter-output>
        </test-method> <!-- tearDown -->
        <test-method signature="setUp(java.lang.String,java.lang.String)[pri:0, instance:com.tutorialsninjamentoring.TutorialsLoginT@14028087]" started-at="2023-08-08T17:50:58 PDT" name="setUp" data-provider="getData" finished-at="2023-08-08T17:51:08 PDT" duration-ms="9396" status="PASS">
          <params>
            <param index="0">
              <value>
                <![CDATA[seleniumpanda7@gmail.com]]>
              </value>
            </param>
            <param index="1">
              <value>
                <![CDATA[Selenium@123]]>
              </value>
            </param>
          </params>
          <reporter-output>
          </reporter-output>
        </test-method> <!-- setUp -->
        <test-method is-config="true" signature="tearDown()[pri:0, instance:com.tutorialsninjamentoring.TutorialsLoginT@14028087]" started-at="2023-08-08T17:51:08 PDT" name="tearDown" finished-at="2023-08-08T17:51:09 PDT" duration-ms="1578" status="PASS">
          <reporter-output>
          </reporter-output>
        </test-method> <!-- tearDown -->
        <test-method signature="setUp(java.lang.String,java.lang.String)[pri:0, instance:com.tutorialsninjamentoring.TutorialsLoginT@14028087]" started-at="2023-08-08T17:51:09 PDT" name="setUp" data-provider="getData" finished-at="2023-08-08T17:51:17 PDT" duration-ms="7780" status="PASS">
          <params>
            <param index="0">
              <value>
                <![CDATA[seleniumpanda8@gmail.com]]>
              </value>
            </param>
            <param index="1">
              <value>
                <![CDATA[Selenium@123]]>
              </value>
            </param>
          </params>
          <reporter-output>
          </reporter-output>
        </test-method> <!-- setUp -->
        <test-method is-config="true" signature="tearDown()[pri:0, instance:com.tutorialsninjamentoring.TutorialsLoginT@14028087]" started-at="2023-08-08T17:51:17 PDT" name="tearDown" finished-at="2023-08-08T17:51:18 PDT" duration-ms="950" status="PASS">
          <reporter-output>
          </reporter-output>
        </test-method> <!-- tearDown -->
        <test-method signature="setUp(java.lang.String,java.lang.String)[pri:0, instance:com.tutorialsninjamentoring.TutorialsLoginT@14028087]" started-at="2023-08-08T17:51:18 PDT" name="setUp" data-provider="getData" finished-at="2023-08-08T17:51:25 PDT" duration-ms="7333" status="PASS">
          <params>
            <param index="0">
              <value>
                <![CDATA[seleniumpanda9@gmail.com]]>
              </value>
            </param>
            <param index="1">
              <value>
                <![CDATA[Selenium@123]]>
              </value>
            </param>
          </params>
          <reporter-output>
          </reporter-output>
        </test-method> <!-- setUp -->
        <test-method is-config="true" signature="tearDown()[pri:0, instance:com.tutorialsninjamentoring.TutorialsLoginT@14028087]" started-at="2023-08-08T17:51:25 PDT" name="tearDown" finished-at="2023-08-08T17:51:26 PDT" duration-ms="922" status="PASS">
          <reporter-output>
          </reporter-output>
        </test-method> <!-- tearDown -->
        <test-method signature="setUp(java.lang.String,java.lang.String)[pri:0, instance:com.tutorialsninjamentoring.TutorialsLoginT@14028087]" started-at="2023-08-08T17:51:26 PDT" name="setUp" data-provider="getData" finished-at="2023-08-08T17:51:34 PDT" duration-ms="7210" status="PASS">
          <params>
            <param index="0">
              <value>
                <![CDATA[seleniumpanda10@gmail.com]]>
              </value>
            </param>
            <param index="1">
              <value>
                <![CDATA[Selenium@123]]>
              </value>
            </param>
          </params>
          <reporter-output>
          </reporter-output>
        </test-method> <!-- setUp -->
        <test-method is-config="true" signature="tearDown()[pri:0, instance:com.tutorialsninjamentoring.TutorialsLoginT@14028087]" started-at="2023-08-08T17:51:34 PDT" name="tearDown" finished-at="2023-08-08T17:51:35 PDT" duration-ms="1038" status="PASS">
          <reporter-output>
          </reporter-output>
        </test-method> <!-- tearDown -->
      </class> <!-- com.tutorialsninjamentoring.TutorialsLoginT -->
    </test> <!-- Default test -->
  </suite> <!-- Default suite -->
</testng-results>
